<?xml version="1.0" encoding="utf-8"?><testsuites name="pytest tests"><testsuite name="pytest" errors="0" failures="0" skipped="0" tests="12" time="8.538" timestamp="2026-02-19T01:41:46.016031+00:00" hostname="agent-env-5d4a2b8f-cae3-46aa-b9a2-e6898bed99f6"><testcase classname="tests.test_invoices_and_reports.TestInvoicesList" name="test_list_invoices_success" time="0.548" /><testcase classname="tests.test_invoices_and_reports.TestInvoicesList" name="test_list_invoices_unauthorized" time="0.118" /><testcase classname="tests.test_invoices_and_reports.TestPDFAutoUpload" name="test_upload_pdf_grupo_a_auto" time="1.052" /><testcase classname="tests.test_invoices_and_reports.TestPDFAutoUpload" name="test_upload_pdf_grupo_b_auto" time="0.838" /><testcase classname="tests.test_invoices_and_reports.TestPDFAutoUpload" name="test_upload_invalid_file_type" time="0.519" /><testcase classname="tests.test_invoices_and_reports.TestSaveFromUpload" name="test_save_invoice_requires_consumer_unit" time="0.485" /><testcase classname="tests.test_invoices_and_reports.TestDeleteInvoice" name="test_delete_nonexistent_invoice" time="0.519" /><testcase classname="tests.test_invoices_and_reports.TestPDFReportGeneration" name="test_list_plants_for_report" time="0.457" /><testcase classname="tests.test_invoices_and_reports.TestPDFReportGeneration" name="test_download_pdf_report_success" time="1.053" /><testcase classname="tests.test_invoices_and_reports.TestPDFReportGeneration" name="test_download_pdf_invalid_month_format" time="0.707" /><testcase classname="tests.test_invoices_and_reports.TestPDFReportGeneration" name="test_download_pdf_nonexistent_plant" time="0.581" /><testcase classname="tests.test_invoices_and_reports.TestEndToEndInvoiceFlow" name="test_create_and_delete_test_uc" time="1.604" /></testsuite></testsuites>