<?xml version="1.0" encoding="utf-8"?><testsuites name="pytest tests"><testsuite name="pytest" errors="0" failures="0" skipped="0" tests="8" time="3.773" timestamp="2026-02-19T02:15:56.435463+00:00" hostname="agent-env-5d4a2b8f-cae3-46aa-b9a2-e6898bed99f6"><testcase classname="tests.test_new_features.TestReportsKPIs" name="test_plants_list_for_reports" time="0.599" /><testcase classname="tests.test_new_features.TestReportsKPIs" name="test_report_data_contains_kpis" time="0.296" /><testcase classname="tests.test_new_features.TestPDFUploadTariffValues" name="test_upload_group_a_pdf_tariff_values" time="0.737" /><testcase classname="tests.test_new_features.TestPDFUploadTariffValues" name="test_upload_group_a_pdf_amount_saved" time="0.714" /><testcase classname="tests.test_new_features.TestPDFUploadTariffValues" name="test_upload_group_a_pdf_energy_compensated" time="0.738" /><testcase classname="tests.test_new_features.TestPDFUploadTariffValues" name="test_upload_group_b_pdf" time="0.375" /><testcase classname="tests.test_new_features.TestInvoiceAPIEndpoints" name="test_list_invoices" time="0.137" /><testcase classname="tests.test_new_features.TestInvoiceAPIEndpoints" name="test_unauthorized_access" time="0.115" /></testsuite></testsuites>