<?xml version="1.0" encoding="utf-8"?><testsuites name="pytest tests"><testsuite name="pytest" errors="0" failures="0" skipped="0" tests="11" time="9.495" timestamp="2026-02-18T19:40:33.075247+00:00" hostname="agent-env-a5ecd60d-a4d6-47e7-a5d1-d657005059f6"><testcase classname="tests.test_api.TestHealthAndAuth" name="test_api_root" time="0.364" /><testcase classname="tests.test_api.TestHealthAndAuth" name="test_login_success" time="0.381" /><testcase classname="tests.test_api.TestHealthAndAuth" name="test_login_invalid_credentials" time="0.127" /><testcase classname="tests.test_api.TestConsumerUnits" name="test_list_consumer_units" time="0.803" /><testcase classname="tests.test_api.TestConsumerUnits" name="test_list_plants" time="0.507" /><testcase classname="tests.test_api.TestConsumerUnits" name="test_create_consumer_unit_with_new_fields" time="0.880" /><testcase classname="tests.test_api.TestInvoices" name="test_list_invoices" time="0.651" /><testcase classname="tests.test_api.TestPDFUpload" name="test_upload_pdf_grupo_a" time="1.748" /><testcase classname="tests.test_api.TestPDFUpload" name="test_upload_pdf_grupo_b" time="2.252" /><testcase classname="tests.test_api.TestDashboard" name="test_dashboard_stats" time="0.879" /><testcase classname="tests.test_api.TestDashboard" name="test_dashboard_plants_summary" time="0.845" /></testsuite></testsuites>